  Determining projects to restore...
  All projects are up-to-date for restore.
  Blazwind.Components -> /home/cihad/Projects/RiderProjects/Blazwind/Blazwind.Components/bin/Debug/net10.0/Blazwind.Components.dll
/home/cihad/Projects/RiderProjects/Blazwind/Blazwind.Examples/Components/Pages/AutocompleteDemo.razor(231,10): error RZ1034: Found a malformed 'BwCard' tag helper. Tag helpers must have a start and end tag or be self closing. [/home/cihad/Projects/RiderProjects/Blazwind/Blazwind.Examples/Blazwind.Examples.csproj]
/home/cihad/Projects/RiderProjects/Blazwind/Blazwind.Examples/Components/Pages/UserProfileDemo.razor(89,25): warning RZ10012: Found markup element with unexpected name 'BwDropdownDivider'. If this is intended to be a component, add a @using directive for its namespace. [/home/cihad/Projects/RiderProjects/Blazwind/Blazwind.Examples/Blazwind.Examples.csproj]
/home/cihad/Projects/RiderProjects/Blazwind/Blazwind.Examples/Components/Pages/UserProfileDemo.razor(120,29): warning RZ10012: Found markup element with unexpected name 'BwDropdownDivider'. If this is intended to be a component, add a @using directive for its namespace. [/home/cihad/Projects/RiderProjects/Blazwind/Blazwind.Examples/Blazwind.Examples.csproj]
/home/cihad/Projects/RiderProjects/Blazwind/Blazwind.Examples/Components/Pages/DataGridDemo.razor(11,8): warning CS0105: The using directive for 'Blazwind.Components.Layout' appeared previously in this namespace [/home/cihad/Projects/RiderProjects/Blazwind/Blazwind.Examples/Blazwind.Examples.csproj]
/home/cihad/Projects/RiderProjects/Blazwind/Blazwind.Examples/Components/Pages/DataGridDemo.razor(16,8): warning CS0105: The using directive for 'Blazwind.Components.Table' appeared previously in this namespace [/home/cihad/Projects/RiderProjects/Blazwind/Blazwind.Examples/Blazwind.Examples.csproj]
/home/cihad/Projects/RiderProjects/Blazwind/Blazwind.Examples/Components/Pages/Charts/BarRaceDemo.razor(28,21): warning CS8618: Non-nullable field '_chart' must contain a non-null value when exiting constructor. Consider adding the 'required' modifier or declaring the field as nullable. [/home/cihad/Projects/RiderProjects/Blazwind/Blazwind.Examples/Blazwind.Examples.csproj]
/home/cihad/Projects/RiderProjects/Blazwind/Blazwind.Examples/Components/Pages/Charts/BarRaceDemo.razor(29,19): warning CS8618: Non-nullable field '_timer' must contain a non-null value when exiting constructor. Consider adding the 'required' modifier or declaring the field as nullable. [/home/cihad/Projects/RiderProjects/Blazwind/Blazwind.Examples/Blazwind.Examples.csproj]
/home/cihad/Projects/RiderProjects/Blazwind/Blazwind.Examples/Components/Pages/Charts/DynamicChartDemo.razor(111,13): warning CS8602: Dereference of a possibly null reference. [/home/cihad/Projects/RiderProjects/Blazwind/Blazwind.Examples/Blazwind.Examples.csproj]
/home/cihad/Projects/RiderProjects/Blazwind/Blazwind.Examples/Components/Pages/Charts/DynamicChartDemo.razor(28,21): warning CS8618: Non-nullable field '_chart' must contain a non-null value when exiting constructor. Consider adding the 'required' modifier or declaring the field as nullable. [/home/cihad/Projects/RiderProjects/Blazwind/Blazwind.Examples/Blazwind.Examples.csproj]
/home/cihad/Projects/RiderProjects/Blazwind/Blazwind.Examples/Components/Pages/Charts/DynamicChartDemo.razor(29,19): warning CS8618: Non-nullable field '_timer' must contain a non-null value when exiting constructor. Consider adding the 'required' modifier or declaring the field as nullable. [/home/cihad/Projects/RiderProjects/Blazwind/Blazwind.Examples/Blazwind.Examples.csproj]

Build FAILED.

/home/cihad/Projects/RiderProjects/Blazwind/Blazwind.Examples/Components/Pages/UserProfileDemo.razor(89,25): warning RZ10012: Found markup element with unexpected name 'BwDropdownDivider'. If this is intended to be a component, add a @using directive for its namespace. [/home/cihad/Projects/RiderProjects/Blazwind/Blazwind.Examples/Blazwind.Examples.csproj]
/home/cihad/Projects/RiderProjects/Blazwind/Blazwind.Examples/Components/Pages/UserProfileDemo.razor(120,29): warning RZ10012: Found markup element with unexpected name 'BwDropdownDivider'. If this is intended to be a component, add a @using directive for its namespace. [/home/cihad/Projects/RiderProjects/Blazwind/Blazwind.Examples/Blazwind.Examples.csproj]
/home/cihad/Projects/RiderProjects/Blazwind/Blazwind.Examples/Components/Pages/DataGridDemo.razor(11,8): warning CS0105: The using directive for 'Blazwind.Components.Layout' appeared previously in this namespace [/home/cihad/Projects/RiderProjects/Blazwind/Blazwind.Examples/Blazwind.Examples.csproj]
/home/cihad/Projects/RiderProjects/Blazwind/Blazwind.Examples/Components/Pages/DataGridDemo.razor(16,8): warning CS0105: The using directive for 'Blazwind.Components.Table' appeared previously in this namespace [/home/cihad/Projects/RiderProjects/Blazwind/Blazwind.Examples/Blazwind.Examples.csproj]
/home/cihad/Projects/RiderProjects/Blazwind/Blazwind.Examples/Components/Pages/Charts/BarRaceDemo.razor(28,21): warning CS8618: Non-nullable field '_chart' must contain a non-null value when exiting constructor. Consider adding the 'required' modifier or declaring the field as nullable. [/home/cihad/Projects/RiderProjects/Blazwind/Blazwind.Examples/Blazwind.Examples.csproj]
/home/cihad/Projects/RiderProjects/Blazwind/Blazwind.Examples/Components/Pages/Charts/BarRaceDemo.razor(29,19): warning CS8618: Non-nullable field '_timer' must contain a non-null value when exiting constructor. Consider adding the 'required' modifier or declaring the field as nullable. [/home/cihad/Projects/RiderProjects/Blazwind/Blazwind.Examples/Blazwind.Examples.csproj]
/home/cihad/Projects/RiderProjects/Blazwind/Blazwind.Examples/Components/Pages/Charts/DynamicChartDemo.razor(111,13): warning CS8602: Dereference of a possibly null reference. [/home/cihad/Projects/RiderProjects/Blazwind/Blazwind.Examples/Blazwind.Examples.csproj]
/home/cihad/Projects/RiderProjects/Blazwind/Blazwind.Examples/Components/Pages/Charts/DynamicChartDemo.razor(28,21): warning CS8618: Non-nullable field '_chart' must contain a non-null value when exiting constructor. Consider adding the 'required' modifier or declaring the field as nullable. [/home/cihad/Projects/RiderProjects/Blazwind/Blazwind.Examples/Blazwind.Examples.csproj]
/home/cihad/Projects/RiderProjects/Blazwind/Blazwind.Examples/Components/Pages/Charts/DynamicChartDemo.razor(29,19): warning CS8618: Non-nullable field '_timer' must contain a non-null value when exiting constructor. Consider adding the 'required' modifier or declaring the field as nullable. [/home/cihad/Projects/RiderProjects/Blazwind/Blazwind.Examples/Blazwind.Examples.csproj]
/home/cihad/Projects/RiderProjects/Blazwind/Blazwind.Examples/Components/Pages/AutocompleteDemo.razor(231,10): error RZ1034: Found a malformed 'BwCard' tag helper. Tag helpers must have a start and end tag or be self closing. [/home/cihad/Projects/RiderProjects/Blazwind/Blazwind.Examples/Blazwind.Examples.csproj]
    9 Warning(s)
    1 Error(s)

Time Elapsed 00:00:12.32
